2025-04-19T09:27:45.648+05:30  INFO 71540 --- [employee-payroll] [main] c.b.e.EmployeePayrollApplication         : Starting EmployeePayrollApplication using Java 17.0.6 with PID 71540 (/Users/sanyakhanna/Desktop/bridgelabz-workspace/employee-payroll/target/classes started by sanyakhanna in /Users/sanyakhanna/Desktop/bridgelabz-workspace/employee-payroll)
2025-04-19T09:27:45.666+05:30 DEBUG 71540 --- [employee-payroll] [main] c.b.e.EmployeePayrollApplication         : Running with Spring Boot v3.3.10, Spring v6.1.18
2025-04-19T09:27:45.673+05:30  INFO 71540 --- [employee-payroll] [main] c.b.e.EmployeePayrollApplication         : The following 1 profile is active: "dev"
2025-04-19T09:27:51.682+05:30  WARN 71540 --- [employee-payroll] [main] JpaBaseConfiguration$JpaWebConfiguration : spring.jpa.open-in-view is enabled by default. Therefore, database queries may be performed during view rendering. Explicitly configure spring.jpa.open-in-view to disable this warning
2025-04-19T09:27:52.314+05:30  INFO 71540 --- [employee-payroll] [main] c.b.e.EmployeePayrollApplication         : Started EmployeePayrollApplication in 7.541 seconds (process running for 8.366)
2025-04-19T09:27:52.319+05:30  INFO 71540 --- [employee-payroll] [main] c.b.e.EmployeePayrollApplication         : Employee Payroll App Started in DEV Environment
2025-04-19T09:27:52.321+05:30  INFO 71540 --- [employee-payroll] [main] c.b.e.EmployeePayrollApplication         : Employee Payroll DB user is root
2025-04-19T09:29:01.199+05:30  WARN 71540 --- [employee-payroll] [http-nio-8081-exec-1] .w.s.m.s.DefaultHandlerExceptionResolver : Resolved [org.springframework.web.bind.MethodArgumentNotValidException: Validation failed for argument [0] in public org.springframework.http.ResponseEntity<com.bridgelabz.employee_payroll.dto.ResponseDTO> com.bridgelabz.employee_payroll.controller.EmployeePayrollController.addEmployeePayrollData(com.bridgelabz.employee_payroll.dto.EmployeeDTO) with 4 errors: [Field error in object 'employeeDTO' on field 'department': rejected value [null]; codes [NotNull.employeeDTO.department,NotNull.department,NotNull.java.util.List,NotNull]; arguments [org.springframework.context.support.DefaultMessageSourceResolvable: codes [employeeDTO.department,department]; arguments []; default message [department]]; default message [Department should not be empty]] [Field error in object 'employeeDTO' on field 'profilePic': rejected value [null]; codes [NotBlank.employeeDTO.profilePic,NotBlank.profilePic,NotBlank.java.lang.String,NotBlank]; arguments [org.springframework.context.support.DefaultMessageSourceResolvable: codes [employeeDTO.profilePic,profilePic]; arguments []; default message [profilePic]]; default message [Profile Pic can't be empty]] [Field error in object 'employeeDTO' on field 'startDate': rejected value [null]; codes [NotNull.employeeDTO.startDate,NotNull.startDate,NotNull.java.time.LocalDate,NotNull]; arguments [org.springframework.context.support.DefaultMessageSourceResolvable: codes [employeeDTO.startDate,startDate]; arguments []; default message [startDate]]; default message [startDate should not be empty]] [Field error in object 'employeeDTO' on field 'note': rejected value [null]; codes [NotBlank.employeeDTO.note,NotBlank.note,NotBlank.java.lang.String,NotBlank]; arguments [org.springframework.context.support.DefaultMessageSourceResolvable: codes [employeeDTO.note,note]; arguments []; default message [note]]; default message [Note cannot be empty]] ]
2025-04-19T09:29:48.354+05:30  WARN 71540 --- [employee-payroll] [http-nio-8081-exec-3] .w.s.m.s.DefaultHandlerExceptionResolver : Resolved [org.springframework.web.bind.MethodArgumentNotValidException: Validation failed for argument [0] in public org.springframework.http.ResponseEntity<com.bridgelabz.employee_payroll.dto.ResponseDTO> com.bridgelabz.employee_payroll.controller.EmployeePayrollController.addEmployeePayrollData(com.bridgelabz.employee_payroll.dto.EmployeeDTO) with 4 errors: [Field error in object 'employeeDTO' on field 'note': rejected value [null]; codes [NotBlank.employeeDTO.note,NotBlank.note,NotBlank.java.lang.String,NotBlank]; arguments [org.springframework.context.support.DefaultMessageSourceResolvable: codes [employeeDTO.note,note]; arguments []; default message [note]]; default message [Note cannot be empty]] [Field error in object 'employeeDTO' on field 'department': rejected value [null]; codes [NotNull.employeeDTO.department,NotNull.department,NotNull.java.util.List,NotNull]; arguments [org.springframework.context.support.DefaultMessageSourceResolvable: codes [employeeDTO.department,department]; arguments []; default message [department]]; default message [Department should not be empty]] [Field error in object 'employeeDTO' on field 'profilePic': rejected value [null]; codes [NotBlank.employeeDTO.profilePic,NotBlank.profilePic,NotBlank.java.lang.String,NotBlank]; arguments [org.springframework.context.support.DefaultMessageSourceResolvable: codes [employeeDTO.profilePic,profilePic]; arguments []; default message [profilePic]]; default message [Profile Pic can't be empty]] [Field error in object 'employeeDTO' on field 'startDate': rejected value [null]; codes [NotNull.employeeDTO.startDate,NotNull.startDate,NotNull.java.time.LocalDate,NotNull]; arguments [org.springframework.context.support.DefaultMessageSourceResolvable: codes [employeeDTO.startDate,startDate]; arguments []; default message [startDate]]; default message [startDate should not be empty]] ]
2025-04-19T09:31:30.571+05:30  INFO 71681 --- [employee-payroll] [main] c.b.e.EmployeePayrollApplication         : Starting EmployeePayrollApplication using Java 17.0.6 with PID 71681 (/Users/sanyakhanna/Desktop/bridgelabz-workspace/employee-payroll/target/classes started by sanyakhanna in /Users/sanyakhanna/Desktop/bridgelabz-workspace/employee-payroll)
2025-04-19T09:31:30.574+05:30 DEBUG 71681 --- [employee-payroll] [main] c.b.e.EmployeePayrollApplication         : Running with Spring Boot v3.3.10, Spring v6.1.18
2025-04-19T09:31:30.576+05:30  INFO 71681 --- [employee-payroll] [main] c.b.e.EmployeePayrollApplication         : The following 1 profile is active: "dev"
2025-04-19T09:31:36.222+05:30  WARN 71681 --- [employee-payroll] [main] JpaBaseConfiguration$JpaWebConfiguration : spring.jpa.open-in-view is enabled by default. Therefore, database queries may be performed during view rendering. Explicitly configure spring.jpa.open-in-view to disable this warning
2025-04-19T09:31:36.957+05:30  INFO 71681 --- [employee-payroll] [main] c.b.e.EmployeePayrollApplication         : Started EmployeePayrollApplication in 7.259 seconds (process running for 7.962)
2025-04-19T09:31:36.963+05:30  INFO 71681 --- [employee-payroll] [main] c.b.e.EmployeePayrollApplication         : Employee Payroll App Started in DEV Environment
2025-04-19T09:31:36.966+05:30  INFO 71681 --- [employee-payroll] [main] c.b.e.EmployeePayrollApplication         : Employee Payroll DB user is root
2025-04-19T09:31:50.837+05:30  WARN 71681 --- [employee-payroll] [http-nio-8081-exec-1] .w.s.m.s.DefaultHandlerExceptionResolver : Resolved [org.springframework.web.bind.MethodArgumentNotValidException: Validation failed for argument [0] in public org.springframework.http.ResponseEntity<com.bridgelabz.employee_payroll.dto.ResponseDTO> com.bridgelabz.employee_payroll.controller.EmployeePayrollController.addEmployeePayrollData(com.bridgelabz.employee_payroll.dto.EmployeeDTO) with 3 errors: [Field error in object 'employeeDTO' on field 'department': rejected value [null]; codes [NotNull.employeeDTO.department,NotNull.department,NotNull.java.util.List,NotNull]; arguments [org.springframework.context.support.DefaultMessageSourceResolvable: codes [employeeDTO.department,department]; arguments []; default message [department]]; default message [Department should not be empty]] [Field error in object 'employeeDTO' on field 'profilePic': rejected value [null]; codes [NotBlank.employeeDTO.profilePic,NotBlank.profilePic,NotBlank.java.lang.String,NotBlank]; arguments [org.springframework.context.support.DefaultMessageSourceResolvable: codes [employeeDTO.profilePic,profilePic]; arguments []; default message [profilePic]]; default message [Profile Pic can't be empty]] [Field error in object 'employeeDTO' on field 'note': rejected value [null]; codes [NotBlank.employeeDTO.note,NotBlank.note,NotBlank.java.lang.String,NotBlank]; arguments [org.springframework.context.support.DefaultMessageSourceResolvable: codes [employeeDTO.note,note]; arguments []; default message [note]]; default message [Note cannot be empty]] ]
2025-04-19T09:33:57.646+05:30  INFO 71723 --- [employee-payroll] [main] c.b.e.EmployeePayrollApplication         : Starting EmployeePayrollApplication using Java 17.0.6 with PID 71723 (/Users/sanyakhanna/Desktop/bridgelabz-workspace/employee-payroll/target/classes started by sanyakhanna in /Users/sanyakhanna/Desktop/bridgelabz-workspace/employee-payroll)
2025-04-19T09:33:57.649+05:30 DEBUG 71723 --- [employee-payroll] [main] c.b.e.EmployeePayrollApplication         : Running with Spring Boot v3.3.10, Spring v6.1.18
2025-04-19T09:33:57.651+05:30  INFO 71723 --- [employee-payroll] [main] c.b.e.EmployeePayrollApplication         : The following 1 profile is active: "dev"
2025-04-19T09:34:03.250+05:30  WARN 71723 --- [employee-payroll] [main] JpaBaseConfiguration$JpaWebConfiguration : spring.jpa.open-in-view is enabled by default. Therefore, database queries may be performed during view rendering. Explicitly configure spring.jpa.open-in-view to disable this warning
2025-04-19T09:34:04.115+05:30  INFO 71723 --- [employee-payroll] [main] c.b.e.EmployeePayrollApplication         : Started EmployeePayrollApplication in 7.329 seconds (process running for 7.909)
2025-04-19T09:34:04.126+05:30  INFO 71723 --- [employee-payroll] [main] c.b.e.EmployeePayrollApplication         : Employee Payroll App Started in DEV Environment
2025-04-19T09:34:04.129+05:30  INFO 71723 --- [employee-payroll] [main] c.b.e.EmployeePayrollApplication         : Employee Payroll DB user is root
2025-04-19T09:34:04.526+05:30  WARN 71723 --- [employee-payroll] [http-nio-8081-exec-2] .w.s.m.s.DefaultHandlerExceptionResolver : Resolved [org.springframework.web.bind.MethodArgumentNotValidException: Validation failed for argument [0] in public org.springframework.http.ResponseEntity<com.bridgelabz.employee_payroll.dto.ResponseDTO> com.bridgelabz.employee_payroll.controller.EmployeePayrollController.addEmployeePayrollData(com.bridgelabz.employee_payroll.dto.EmployeeDTO) with 3 errors: [Field error in object 'employeeDTO' on field 'profilePic': rejected value [null]; codes [NotBlank.employeeDTO.profilePic,NotBlank.profilePic,NotBlank.java.lang.String,NotBlank]; arguments [org.springframework.context.support.DefaultMessageSourceResolvable: codes [employeeDTO.profilePic,profilePic]; arguments []; default message [profilePic]]; default message [Profile Pic can't be empty]] [Field error in object 'employeeDTO' on field 'note': rejected value [null]; codes [NotBlank.employeeDTO.note,NotBlank.note,NotBlank.java.lang.String,NotBlank]; arguments [org.springframework.context.support.DefaultMessageSourceResolvable: codes [employeeDTO.note,note]; arguments []; default message [note]]; default message [Note cannot be empty]] [Field error in object 'employeeDTO' on field 'department': rejected value [null]; codes [NotNull.employeeDTO.department,NotNull.department,NotNull.java.util.List,NotNull]; arguments [org.springframework.context.support.DefaultMessageSourceResolvable: codes [employeeDTO.department,department]; arguments []; default message [department]]; default message [Department should not be empty]] ]
2025-04-19T09:37:15.404+05:30  INFO 71761 --- [employee-payroll] [main] c.b.e.EmployeePayrollApplication         : Starting EmployeePayrollApplication using Java 17.0.6 with PID 71761 (/Users/sanyakhanna/Desktop/bridgelabz-workspace/employee-payroll/target/classes started by sanyakhanna in /Users/sanyakhanna/Desktop/bridgelabz-workspace/employee-payroll)
2025-04-19T09:37:15.407+05:30 DEBUG 71761 --- [employee-payroll] [main] c.b.e.EmployeePayrollApplication         : Running with Spring Boot v3.3.10, Spring v6.1.18
2025-04-19T09:37:15.409+05:30  INFO 71761 --- [employee-payroll] [main] c.b.e.EmployeePayrollApplication         : The following 1 profile is active: "dev"
2025-04-19T09:37:21.128+05:30  WARN 71761 --- [employee-payroll] [main] JpaBaseConfiguration$JpaWebConfiguration : spring.jpa.open-in-view is enabled by default. Therefore, database queries may be performed during view rendering. Explicitly configure spring.jpa.open-in-view to disable this warning
2025-04-19T09:37:21.657+05:30  INFO 71761 --- [employee-payroll] [main] c.b.e.EmployeePayrollApplication         : Started EmployeePayrollApplication in 7.169 seconds (process running for 7.814)
2025-04-19T09:37:21.662+05:30  INFO 71761 --- [employee-payroll] [main] c.b.e.EmployeePayrollApplication         : Employee Payroll App Started in DEV Environment
2025-04-19T09:37:21.663+05:30  INFO 71761 --- [employee-payroll] [main] c.b.e.EmployeePayrollApplication         : Employee Payroll DB user is root
2025-04-19T09:37:23.150+05:30 DEBUG 71761 --- [employee-payroll] [http-nio-8081-exec-1] c.b.e.services.EmployeePayrollService    : Emp data: Employee(employeeId=0, name=John Doe, salary=1000, gender=male, startDate=2024-04-10, note=This is a note., profilePic=profile1.png, departments=[HR, IT])
2025-04-19T09:38:51.055+05:30  INFO 71776 --- [employee-payroll] [main] c.b.e.EmployeePayrollApplication         : Starting EmployeePayrollApplication using Java 17.0.6 with PID 71776 (/Users/sanyakhanna/Desktop/bridgelabz-workspace/employee-payroll/target/classes started by sanyakhanna in /Users/sanyakhanna/Desktop/bridgelabz-workspace/employee-payroll)
2025-04-19T09:38:51.059+05:30 DEBUG 71776 --- [employee-payroll] [main] c.b.e.EmployeePayrollApplication         : Running with Spring Boot v3.3.10, Spring v6.1.18
2025-04-19T09:38:51.060+05:30  INFO 71776 --- [employee-payroll] [main] c.b.e.EmployeePayrollApplication         : The following 1 profile is active: "dev"
2025-04-19T09:38:56.383+05:30  WARN 71776 --- [employee-payroll] [main] JpaBaseConfiguration$JpaWebConfiguration : spring.jpa.open-in-view is enabled by default. Therefore, database queries may be performed during view rendering. Explicitly configure spring.jpa.open-in-view to disable this warning
2025-04-19T09:38:57.307+05:30  INFO 71776 --- [employee-payroll] [main] c.b.e.EmployeePayrollApplication         : Started EmployeePayrollApplication in 7.089 seconds (process running for 7.64)
2025-04-19T09:38:57.313+05:30  INFO 71776 --- [employee-payroll] [main] c.b.e.EmployeePayrollApplication         : Employee Payroll App Started in DEV Environment
2025-04-19T09:38:57.315+05:30  INFO 71776 --- [employee-payroll] [main] c.b.e.EmployeePayrollApplication         : Employee Payroll DB user is root
2025-04-19T09:39:01.448+05:30 DEBUG 71776 --- [employee-payroll] [http-nio-8081-exec-3] c.b.e.services.EmployeePayrollService    : Emp data: Employee(employeeId=0, name=John Doe, salary=1000, gender=male, startDate=2024-04-10, note=This is a note., profilePic=profile1.png, departments=[HR, IT])
2025-04-19T09:47:47.906+05:30  INFO 71839 --- [employee-payroll] [main] c.b.e.EmployeePayrollApplication         : Starting EmployeePayrollApplication using Java 17.0.6 with PID 71839 (/Users/sanyakhanna/Desktop/bridgelabz-workspace/employee-payroll/target/classes started by sanyakhanna in /Users/sanyakhanna/Desktop/bridgelabz-workspace/employee-payroll)
2025-04-19T09:47:47.910+05:30 DEBUG 71839 --- [employee-payroll] [main] c.b.e.EmployeePayrollApplication         : Running with Spring Boot v3.3.10, Spring v6.1.18
2025-04-19T09:47:47.911+05:30  INFO 71839 --- [employee-payroll] [main] c.b.e.EmployeePayrollApplication         : The following 1 profile is active: "dev"
2025-04-19T09:47:53.235+05:30  WARN 71839 --- [employee-payroll] [main] JpaBaseConfiguration$JpaWebConfiguration : spring.jpa.open-in-view is enabled by default. Therefore, database queries may be performed during view rendering. Explicitly configure spring.jpa.open-in-view to disable this warning
2025-04-19T09:47:53.988+05:30  INFO 71839 --- [employee-payroll] [main] c.b.e.EmployeePayrollApplication         : Started EmployeePayrollApplication in 6.935 seconds (process running for 7.605)
2025-04-19T09:47:53.994+05:30  INFO 71839 --- [employee-payroll] [main] c.b.e.EmployeePayrollApplication         : Employee Payroll App Started in DEV Environment
2025-04-19T09:47:53.996+05:30  INFO 71839 --- [employee-payroll] [main] c.b.e.EmployeePayrollApplication         : Employee Payroll DB user is root
2025-04-19T09:48:31.747+05:30  WARN 71839 --- [employee-payroll] [http-nio-8081-exec-4] .w.s.m.s.DefaultHandlerExceptionResolver : Resolved [org.springframework.web.HttpRequestMethodNotSupportedException: Request method 'POST' is not supported]
2025-04-19T09:48:41.141+05:30  WARN 71839 --- [employee-payroll] [http-nio-8081-exec-5] .w.s.m.s.DefaultHandlerExceptionResolver : Resolved [org.springframework.web.bind.MethodArgumentNotValidException: Validation failed for argument [0] in public org.springframework.http.ResponseEntity<com.bridgelabz.employee_payroll.dto.ResponseDTO> com.bridgelabz.employee_payroll.controller.EmployeePayrollController.addEmployeePayrollData(com.bridgelabz.employee_payroll.dto.EmployeeDTO): [Field error in object 'employeeDTO' on field 'gender': rejected value [none]; codes [Pattern.employeeDTO.gender,Pattern.gender,Pattern.java.lang.String,Pattern]; arguments [org.springframework.context.support.DefaultMessageSourceResolvable: codes [employeeDTO.gender,gender]; arguments []; default message [gender],[Ljakarta.validation.constraints.Pattern$Flag;@37355c2b,male|female]; default message [Gender needs to be male or female]] ]
2025-04-19T09:49:01.745+05:30 ERROR 71839 --- [employee-payroll] [http-nio-8081-exec-7] c.b.e.e.EmployeePayrollExceptionHandler  : Invalid date format

org.springframework.http.converter.HttpMessageNotReadableException: JSON parse error: Unrecognized token 'salary': was expecting (JSON String, Number, Array, Object or token 'null', 'true' or 'false')
	at org.springframework.http.converter.json.AbstractJackson2HttpMessageConverter.readJavaType(AbstractJackson2HttpMessageConverter.java:406) ~[spring-web-6.1.18.jar:6.1.18]
	at org.springframework.http.converter.json.AbstractJackson2HttpMessageConverter.read(AbstractJackson2HttpMessageConverter.java:354) ~[spring-web-6.1.18.jar:6.1.18]
	at org.springframework.web.servlet.mvc.method.annotation.AbstractMessageConverterMethodArgumentResolver.readWithMessageConverters(AbstractMessageConverterMethodArgumentResolver.java:184) ~[spring-webmvc-6.1.18.jar:6.1.18]
	at org.springframework.web.servlet.mvc.method.annotation.RequestResponseBodyMethodProcessor.readWithMessageConverters(RequestResponseBodyMethodProcessor.java:161) ~[spring-webmvc-6.1.18.jar:6.1.18]
	at org.springframework.web.servlet.mvc.method.annotation.RequestResponseBodyMethodProcessor.resolveArgument(RequestResponseBodyMethodProcessor.java:135) ~[spring-webmvc-6.1.18.jar:6.1.18]
	at org.springframework.web.method.support.HandlerMethodArgumentResolverComposite.resolveArgument(HandlerMethodArgumentResolverComposite.java:122) ~[spring-web-6.1.18.jar:6.1.18]
	at org.springframework.web.method.support.InvocableHandlerMethod.getMethodArgumentValues(InvocableHandlerMethod.java:224) ~[spring-web-6.1.18.jar:6.1.18]
	at org.springframework.web.method.support.InvocableHandlerMethod.invokeForRequest(InvocableHandlerMethod.java:178) ~[spring-web-6.1.18.jar:6.1.18]
	at org.springframework.web.servlet.mvc.method.annotation.ServletInvocableHandlerMethod.invokeAndHandle(ServletInvocableHandlerMethod.java:118) ~[spring-webmvc-6.1.18.jar:6.1.18]
	at org.springframework.web.servlet.mvc.method.annotation.RequestMappingHandlerAdapter.invokeHandlerMethod(RequestMappingHandlerAdapter.java:926) ~[spring-webmvc-6.1.18.jar:6.1.18]
	at org.springframework.web.servlet.mvc.method.annotation.RequestMappingHandlerAdapter.handleInternal(RequestMappingHandlerAdapter.java:831) ~[spring-webmvc-6.1.18.jar:6.1.18]
	at org.springframework.web.servlet.mvc.method.AbstractHandlerMethodAdapter.handle(AbstractHandlerMethodAdapter.java:87) ~[spring-webmvc-6.1.18.jar:6.1.18]
	at org.springframework.web.servlet.DispatcherServlet.doDispatch(DispatcherServlet.java:1089) ~[spring-webmvc-6.1.18.jar:6.1.18]
	at org.springframework.web.servlet.DispatcherServlet.doService(DispatcherServlet.java:979) ~[spring-webmvc-6.1.18.jar:6.1.18]
	at org.springframework.web.servlet.FrameworkServlet.processRequest(FrameworkServlet.java:1014) ~[spring-webmvc-6.1.18.jar:6.1.18]
	at org.springframework.web.servlet.FrameworkServlet.doPost(FrameworkServlet.java:914) ~[spring-webmvc-6.1.18.jar:6.1.18]
	at jakarta.servlet.http.HttpServlet.service(HttpServlet.java:590) ~[tomcat-embed-core-10.1.39.jar:6.0]
	at org.springframework.web.servlet.FrameworkServlet.service(FrameworkServlet.java:885) ~[spring-webmvc-6.1.18.jar:6.1.18]
	at jakarta.servlet.http.HttpServlet.service(HttpServlet.java:658) ~[tomcat-embed-core-10.1.39.jar:6.0]
	at org.apache.catalina.core.ApplicationFilterChain.internalDoFilter(ApplicationFilterChain.java:195) ~[tomcat-embed-core-10.1.39.jar:10.1.39]
	at org.apache.catalina.core.ApplicationFilterChain.doFilter(ApplicationFilterChain.java:140) ~[tomcat-embed-core-10.1.39.jar:10.1.39]
	at org.apache.tomcat.websocket.server.WsFilter.doFilter(WsFilter.java:51) ~[tomcat-embed-websocket-10.1.39.jar:10.1.39]
	at org.apache.catalina.core.ApplicationFilterChain.internalDoFilter(ApplicationFilterChain.java:164) ~[tomcat-embed-core-10.1.39.jar:10.1.39]
	at org.apache.catalina.core.ApplicationFilterChain.doFilter(ApplicationFilterChain.java:140) ~[tomcat-embed-core-10.1.39.jar:10.1.39]
	at org.springframework.web.filter.RequestContextFilter.doFilterInternal(RequestContextFilter.java:100) ~[spring-web-6.1.18.jar:6.1.18]
	at org.springframework.web.filter.OncePerRequestFilter.doFilter(OncePerRequestFilter.java:116) ~[spring-web-6.1.18.jar:6.1.18]
	at org.apache.catalina.core.ApplicationFilterChain.internalDoFilter(ApplicationFilterChain.java:164) ~[tomcat-embed-core-10.1.39.jar:10.1.39]
	at org.apache.catalina.core.ApplicationFilterChain.doFilter(ApplicationFilterChain.java:140) ~[tomcat-embed-core-10.1.39.jar:10.1.39]
	at org.springframework.web.filter.FormContentFilter.doFilterInternal(FormContentFilter.java:93) ~[spring-web-6.1.18.jar:6.1.18]
	at org.springframework.web.filter.OncePerRequestFilter.doFilter(OncePerRequestFilter.java:116) ~[spring-web-6.1.18.jar:6.1.18]
	at org.apache.catalina.core.ApplicationFilterChain.internalDoFilter(ApplicationFilterChain.java:164) ~[tomcat-embed-core-10.1.39.jar:10.1.39]
	at org.apache.catalina.core.ApplicationFilterChain.doFilter(ApplicationFilterChain.java:140) ~[tomcat-embed-core-10.1.39.jar:10.1.39]
	at org.springframework.web.filter.CharacterEncodingFilter.doFilterInternal(CharacterEncodingFilter.java:201) ~[spring-web-6.1.18.jar:6.1.18]
	at org.springframework.web.filter.OncePerRequestFilter.doFilter(OncePerRequestFilter.java:116) ~[spring-web-6.1.18.jar:6.1.18]
	at org.apache.catalina.core.ApplicationFilterChain.internalDoFilter(ApplicationFilterChain.java:164) ~[tomcat-embed-core-10.1.39.jar:10.1.39]
	at org.apache.catalina.core.ApplicationFilterChain.doFilter(ApplicationFilterChain.java:140) ~[tomcat-embed-core-10.1.39.jar:10.1.39]
	at org.apache.catalina.core.StandardWrapperValve.invoke(StandardWrapperValve.java:167) ~[tomcat-embed-core-10.1.39.jar:10.1.39]
	at org.apache.catalina.core.StandardContextValve.invoke(StandardContextValve.java:90) ~[tomcat-embed-core-10.1.39.jar:10.1.39]
	at org.apache.catalina.authenticator.AuthenticatorBase.invoke(AuthenticatorBase.java:483) ~[tomcat-embed-core-10.1.39.jar:10.1.39]
	at org.apache.catalina.core.StandardHostValve.invoke(StandardHostValve.java:115) ~[tomcat-embed-core-10.1.39.jar:10.1.39]
	at org.apache.catalina.valves.ErrorReportValve.invoke(ErrorReportValve.java:93) ~[tomcat-embed-core-10.1.39.jar:10.1.39]
	at org.apache.catalina.core.StandardEngineValve.invoke(StandardEngineValve.java:74) ~[tomcat-embed-core-10.1.39.jar:10.1.39]
	at org.apache.catalina.connector.CoyoteAdapter.service(CoyoteAdapter.java:344) ~[tomcat-embed-core-10.1.39.jar:10.1.39]
	at org.apache.coyote.http11.Http11Processor.service(Http11Processor.java:397) ~[tomcat-embed-core-10.1.39.jar:10.1.39]
	at org.apache.coyote.AbstractProcessorLight.process(AbstractProcessorLight.java:63) ~[tomcat-embed-core-10.1.39.jar:10.1.39]
	at org.apache.coyote.AbstractProtocol$ConnectionHandler.process(AbstractProtocol.java:905) ~[tomcat-embed-core-10.1.39.jar:10.1.39]
	at org.apache.tomcat.util.net.NioEndpoint$SocketProcessor.doRun(NioEndpoint.java:1743) ~[tomcat-embed-core-10.1.39.jar:10.1.39]
	at org.apache.tomcat.util.net.SocketProcessorBase.run(SocketProcessorBase.java:52) ~[tomcat-embed-core-10.1.39.jar:10.1.39]
	at org.apache.tomcat.util.threads.ThreadPoolExecutor.runWorker(ThreadPoolExecutor.java:1190) ~[tomcat-embed-core-10.1.39.jar:10.1.39]
	at org.apache.tomcat.util.threads.ThreadPoolExecutor$Worker.run(ThreadPoolExecutor.java:659) ~[tomcat-embed-core-10.1.39.jar:10.1.39]
	at org.apache.tomcat.util.threads.TaskThread$WrappingRunnable.run(TaskThread.java:63) ~[tomcat-embed-core-10.1.39.jar:10.1.39]
	at java.base/java.lang.Thread.run(Thread.java:833) ~[na:na]
Caused by: com.fasterxml.jackson.core.JsonParseException: Unrecognized token 'salary': was expecting (JSON String, Number, Array, Object or token 'null', 'true' or 'false')
 at [Source: REDACTED (`StreamReadFeature.INCLUDE_SOURCE_IN_LOCATION` disabled); line: 3, column: 20]
	at com.fasterxml.jackson.core.JsonParser._constructError(JsonParser.java:2572) ~[jackson-core-2.17.3.jar:2.17.3]
	at com.fasterxml.jackson.core.JsonParser._constructReadException(JsonParser.java:2598) ~[jackson-core-2.17.3.jar:2.17.3]
	at com.fasterxml.jackson.core.JsonParser._constructReadException(JsonParser.java:2606) ~[jackson-core-2.17.3.jar:2.17.3]
	at com.fasterxml.jackson.core.base.ParserMinimalBase._reportError(ParserMinimalBase.java:765) ~[jackson-core-2.17.3.jar:2.17.3]
	at com.fasterxml.jackson.core.json.UTF8StreamJsonParser._reportInvalidToken(UTF8StreamJsonParser.java:3662) ~[jackson-core-2.17.3.jar:2.17.3]
	at com.fasterxml.jackson.core.json.UTF8StreamJsonParser._handleUnexpectedValue(UTF8StreamJsonParser.java:2749) ~[jackson-core-2.17.3.jar:2.17.3]
	at com.fasterxml.jackson.core.json.UTF8StreamJsonParser.nextFieldName(UTF8StreamJsonParser.java:1098) ~[jackson-core-2.17.3.jar:2.17.3]
	at com.fasterxml.jackson.databind.deser.BeanDeserializer.deserializeFromObject(BeanDeserializer.java:406) ~[jackson-databind-2.17.3.jar:2.17.3]
	at com.fasterxml.jackson.databind.deser.BeanDeserializer.deserialize(BeanDeserializer.java:185) ~[jackson-databind-2.17.3.jar:2.17.3]
	at com.fasterxml.jackson.databind.deser.DefaultDeserializationContext.readRootValue(DefaultDeserializationContext.java:342) ~[jackson-databind-2.17.3.jar:2.17.3]
	at com.fasterxml.jackson.databind.ObjectReader._bindAndClose(ObjectReader.java:2125) ~[jackson-databind-2.17.3.jar:2.17.3]
	at com.fasterxml.jackson.databind.ObjectReader.readValue(ObjectReader.java:1501) ~[jackson-databind-2.17.3.jar:2.17.3]
	at org.springframework.http.converter.json.AbstractJackson2HttpMessageConverter.readJavaType(AbstractJackson2HttpMessageConverter.java:395) ~[spring-web-6.1.18.jar:6.1.18]
	... 51 common frames omitted

2025-04-19T09:50:12.350+05:30  WARN 71839 --- [employee-payroll] [http-nio-8081-exec-8] .w.s.m.s.DefaultHandlerExceptionResolver : Resolved [org.springframework.web.bind.MethodArgumentNotValidException: Validation failed for argument [0] in public org.springframework.http.ResponseEntity<com.bridgelabz.employee_payroll.dto.ResponseDTO> com.bridgelabz.employee_payroll.controller.EmployeePayrollController.addEmployeePayrollData(com.bridgelabz.employee_payroll.dto.EmployeeDTO): [Field error in object 'employeeDTO' on field 'startDate': rejected value [2025-07-10]; codes [PastOrPresent.employeeDTO.startDate,PastOrPresent.startDate,PastOrPresent.java.time.LocalDate,PastOrPresent]; arguments [org.springframework.context.support.DefaultMessageSourceResolvable: codes [employeeDTO.startDate,startDate]; arguments []; default message [startDate]]; default message [Start date should be a past date or today's date]] ]
2025-04-19T09:50:18.263+05:30  WARN 71839 --- [employee-payroll] [http-nio-8081-exec-10] .w.s.m.s.DefaultHandlerExceptionResolver : Resolved [org.springframework.web.bind.MethodArgumentNotValidException: Validation failed for argument [0] in public org.springframework.http.ResponseEntity<com.bridgelabz.employee_payroll.dto.ResponseDTO> com.bridgelabz.employee_payroll.controller.EmployeePayrollController.addEmployeePayrollData(com.bridgelabz.employee_payroll.dto.EmployeeDTO): [Field error in object 'employeeDTO' on field 'startDate': rejected value [2025-07-10]; codes [PastOrPresent.employeeDTO.startDate,PastOrPresent.startDate,PastOrPresent.java.time.LocalDate,PastOrPresent]; arguments [org.springframework.context.support.DefaultMessageSourceResolvable: codes [employeeDTO.startDate,startDate]; arguments []; default message [startDate]]; default message [Start date should be a past date or today's date]] ]
2025-04-19T09:50:32.823+05:30 DEBUG 71839 --- [employee-payroll] [http-nio-8081-exec-2] c.b.e.services.EmployeePayrollService    : Emp data: Employee(employeeId=0, name=John Doe, salary=1000, gender=male, startDate=2024-04-10, note=This is a note., profilePic=profile1.png, departments=[HR, IT])
2025-04-19T09:51:08.444+05:30  WARN 71839 --- [employee-payroll] [http-nio-8081-exec-4] .w.s.m.s.DefaultHandlerExceptionResolver : Resolved [org.springframework.web.bind.MethodArgumentNotValidException: Validation failed for argument [0] in public org.springframework.http.ResponseEntity<com.bridgelabz.employee_payroll.dto.ResponseDTO> com.bridgelabz.employee_payroll.controller.EmployeePayrollController.addEmployeePayrollData(com.bridgelabz.employee_payroll.dto.EmployeeDTO): [Field error in object 'employeeDTO' on field 'startDate': rejected value [2025-05-10]; codes [PastOrPresent.employeeDTO.startDate,PastOrPresent.startDate,PastOrPresent.java.time.LocalDate,PastOrPresent]; arguments [org.springframework.context.support.DefaultMessageSourceResolvable: codes [employeeDTO.startDate,startDate]; arguments []; default message [startDate]]; default message [Start date should be a past date or today's date]] ]
2025-04-19T09:51:18.992+05:30  WARN 71839 --- [employee-payroll] [http-nio-8081-exec-5] .w.s.m.s.DefaultHandlerExceptionResolver : Resolved [org.springframework.web.bind.MethodArgumentNotValidException: Validation failed for argument [0] in public org.springframework.http.ResponseEntity<com.bridgelabz.employee_payroll.dto.ResponseDTO> com.bridgelabz.employee_payroll.controller.EmployeePayrollController.addEmployeePayrollData(com.bridgelabz.employee_payroll.dto.EmployeeDTO): [Field error in object 'employeeDTO' on field 'startDate': rejected value [2025-05-10]; codes [PastOrPresent.employeeDTO.startDate,PastOrPresent.startDate,PastOrPresent.java.time.LocalDate,PastOrPresent]; arguments [org.springframework.context.support.DefaultMessageSourceResolvable: codes [employeeDTO.startDate,startDate]; arguments []; default message [startDate]]; default message [Start date should be a past date or today's date]] ]
2025-04-19T09:53:49.317+05:30  INFO 71910 --- [employee-payroll] [main] c.b.e.EmployeePayrollApplication         : Starting EmployeePayrollApplication using Java 17.0.6 with PID 71910 (/Users/sanyakhanna/Desktop/bridgelabz-workspace/employee-payroll/target/classes started by sanyakhanna in /Users/sanyakhanna/Desktop/bridgelabz-workspace/employee-payroll)
2025-04-19T09:53:49.321+05:30 DEBUG 71910 --- [employee-payroll] [main] c.b.e.EmployeePayrollApplication         : Running with Spring Boot v3.3.10, Spring v6.1.18
2025-04-19T09:53:49.322+05:30  INFO 71910 --- [employee-payroll] [main] c.b.e.EmployeePayrollApplication         : The following 1 profile is active: "dev"
2025-04-19T09:53:55.008+05:30  WARN 71910 --- [employee-payroll] [main] JpaBaseConfiguration$JpaWebConfiguration : spring.jpa.open-in-view is enabled by default. Therefore, database queries may be performed during view rendering. Explicitly configure spring.jpa.open-in-view to disable this warning
2025-04-19T09:53:55.904+05:30  INFO 71910 --- [employee-payroll] [main] c.b.e.EmployeePayrollApplication         : Started EmployeePayrollApplication in 7.442 seconds (process running for 8.101)
2025-04-19T09:53:55.910+05:30  INFO 71910 --- [employee-payroll] [main] c.b.e.EmployeePayrollApplication         : Employee Payroll App Started in DEV Environment
2025-04-19T09:53:55.912+05:30  INFO 71910 --- [employee-payroll] [main] c.b.e.EmployeePayrollApplication         : Employee Payroll DB user is root
2025-04-19T09:54:10.306+05:30 ERROR 71910 --- [employee-payroll] [http-nio-8081-exec-3] c.b.e.e.EmployeePayrollExceptionHandler  : Invalid date format

org.springframework.http.converter.HttpMessageNotReadableException: JSON parse error: Cannot deserialize value of type `java.time.LocalDate` from String "10 05 2025": Failed to deserialize java.time.LocalDate: (java.time.format.DateTimeParseException) Text '10 05 2025' could not be parsed at index 2
	at org.springframework.http.converter.json.AbstractJackson2HttpMessageConverter.readJavaType(AbstractJackson2HttpMessageConverter.java:406) ~[spring-web-6.1.18.jar:6.1.18]
	at org.springframework.http.converter.json.AbstractJackson2HttpMessageConverter.read(AbstractJackson2HttpMessageConverter.java:354) ~[spring-web-6.1.18.jar:6.1.18]
	at org.springframework.web.servlet.mvc.method.annotation.AbstractMessageConverterMethodArgumentResolver.readWithMessageConverters(AbstractMessageConverterMethodArgumentResolver.java:184) ~[spring-webmvc-6.1.18.jar:6.1.18]
	at org.springframework.web.servlet.mvc.method.annotation.RequestResponseBodyMethodProcessor.readWithMessageConverters(RequestResponseBodyMethodProcessor.java:161) ~[spring-webmvc-6.1.18.jar:6.1.18]
	at org.springframework.web.servlet.mvc.method.annotation.RequestResponseBodyMethodProcessor.resolveArgument(RequestResponseBodyMethodProcessor.java:135) ~[spring-webmvc-6.1.18.jar:6.1.18]
	at org.springframework.web.method.support.HandlerMethodArgumentResolverComposite.resolveArgument(HandlerMethodArgumentResolverComposite.java:122) ~[spring-web-6.1.18.jar:6.1.18]
	at org.springframework.web.method.support.InvocableHandlerMethod.getMethodArgumentValues(InvocableHandlerMethod.java:224) ~[spring-web-6.1.18.jar:6.1.18]
	at org.springframework.web.method.support.InvocableHandlerMethod.invokeForRequest(InvocableHandlerMethod.java:178) ~[spring-web-6.1.18.jar:6.1.18]
	at org.springframework.web.servlet.mvc.method.annotation.ServletInvocableHandlerMethod.invokeAndHandle(ServletInvocableHandlerMethod.java:118) ~[spring-webmvc-6.1.18.jar:6.1.18]
	at org.springframework.web.servlet.mvc.method.annotation.RequestMappingHandlerAdapter.invokeHandlerMethod(RequestMappingHandlerAdapter.java:926) ~[spring-webmvc-6.1.18.jar:6.1.18]
	at org.springframework.web.servlet.mvc.method.annotation.RequestMappingHandlerAdapter.handleInternal(RequestMappingHandlerAdapter.java:831) ~[spring-webmvc-6.1.18.jar:6.1.18]
	at org.springframework.web.servlet.mvc.method.AbstractHandlerMethodAdapter.handle(AbstractHandlerMethodAdapter.java:87) ~[spring-webmvc-6.1.18.jar:6.1.18]
	at org.springframework.web.servlet.DispatcherServlet.doDispatch(DispatcherServlet.java:1089) ~[spring-webmvc-6.1.18.jar:6.1.18]
	at org.springframework.web.servlet.DispatcherServlet.doService(DispatcherServlet.java:979) ~[spring-webmvc-6.1.18.jar:6.1.18]
	at org.springframework.web.servlet.FrameworkServlet.processRequest(FrameworkServlet.java:1014) ~[spring-webmvc-6.1.18.jar:6.1.18]
	at org.springframework.web.servlet.FrameworkServlet.doPost(FrameworkServlet.java:914) ~[spring-webmvc-6.1.18.jar:6.1.18]
	at jakarta.servlet.http.HttpServlet.service(HttpServlet.java:590) ~[tomcat-embed-core-10.1.39.jar:6.0]
	at org.springframework.web.servlet.FrameworkServlet.service(FrameworkServlet.java:885) ~[spring-webmvc-6.1.18.jar:6.1.18]
	at jakarta.servlet.http.HttpServlet.service(HttpServlet.java:658) ~[tomcat-embed-core-10.1.39.jar:6.0]
	at org.apache.catalina.core.ApplicationFilterChain.internalDoFilter(ApplicationFilterChain.java:195) ~[tomcat-embed-core-10.1.39.jar:10.1.39]
	at org.apache.catalina.core.ApplicationFilterChain.doFilter(ApplicationFilterChain.java:140) ~[tomcat-embed-core-10.1.39.jar:10.1.39]
	at org.apache.tomcat.websocket.server.WsFilter.doFilter(WsFilter.java:51) ~[tomcat-embed-websocket-10.1.39.jar:10.1.39]
	at org.apache.catalina.core.ApplicationFilterChain.internalDoFilter(ApplicationFilterChain.java:164) ~[tomcat-embed-core-10.1.39.jar:10.1.39]
	at org.apache.catalina.core.ApplicationFilterChain.doFilter(ApplicationFilterChain.java:140) ~[tomcat-embed-core-10.1.39.jar:10.1.39]
	at org.springframework.web.filter.RequestContextFilter.doFilterInternal(RequestContextFilter.java:100) ~[spring-web-6.1.18.jar:6.1.18]
	at org.springframework.web.filter.OncePerRequestFilter.doFilter(OncePerRequestFilter.java:116) ~[spring-web-6.1.18.jar:6.1.18]
	at org.apache.catalina.core.ApplicationFilterChain.internalDoFilter(ApplicationFilterChain.java:164) ~[tomcat-embed-core-10.1.39.jar:10.1.39]
	at org.apache.catalina.core.ApplicationFilterChain.doFilter(ApplicationFilterChain.java:140) ~[tomcat-embed-core-10.1.39.jar:10.1.39]
	at org.springframework.web.filter.FormContentFilter.doFilterInternal(FormContentFilter.java:93) ~[spring-web-6.1.18.jar:6.1.18]
	at org.springframework.web.filter.OncePerRequestFilter.doFilter(OncePerRequestFilter.java:116) ~[spring-web-6.1.18.jar:6.1.18]
	at org.apache.catalina.core.ApplicationFilterChain.internalDoFilter(ApplicationFilterChain.java:164) ~[tomcat-embed-core-10.1.39.jar:10.1.39]
	at org.apache.catalina.core.ApplicationFilterChain.doFilter(ApplicationFilterChain.java:140) ~[tomcat-embed-core-10.1.39.jar:10.1.39]
	at org.springframework.web.filter.CharacterEncodingFilter.doFilterInternal(CharacterEncodingFilter.java:201) ~[spring-web-6.1.18.jar:6.1.18]
	at org.springframework.web.filter.OncePerRequestFilter.doFilter(OncePerRequestFilter.java:116) ~[spring-web-6.1.18.jar:6.1.18]
	at org.apache.catalina.core.ApplicationFilterChain.internalDoFilter(ApplicationFilterChain.java:164) ~[tomcat-embed-core-10.1.39.jar:10.1.39]
	at org.apache.catalina.core.ApplicationFilterChain.doFilter(ApplicationFilterChain.java:140) ~[tomcat-embed-core-10.1.39.jar:10.1.39]
	at org.apache.catalina.core.StandardWrapperValve.invoke(StandardWrapperValve.java:167) ~[tomcat-embed-core-10.1.39.jar:10.1.39]
	at org.apache.catalina.core.StandardContextValve.invoke(StandardContextValve.java:90) ~[tomcat-embed-core-10.1.39.jar:10.1.39]
	at org.apache.catalina.authenticator.AuthenticatorBase.invoke(AuthenticatorBase.java:483) ~[tomcat-embed-core-10.1.39.jar:10.1.39]
	at org.apache.catalina.core.StandardHostValve.invoke(StandardHostValve.java:115) ~[tomcat-embed-core-10.1.39.jar:10.1.39]
	at org.apache.catalina.valves.ErrorReportValve.invoke(ErrorReportValve.java:93) ~[tomcat-embed-core-10.1.39.jar:10.1.39]
	at org.apache.catalina.core.StandardEngineValve.invoke(StandardEngineValve.java:74) ~[tomcat-embed-core-10.1.39.jar:10.1.39]
	at org.apache.catalina.connector.CoyoteAdapter.service(CoyoteAdapter.java:344) ~[tomcat-embed-core-10.1.39.jar:10.1.39]
	at org.apache.coyote.http11.Http11Processor.service(Http11Processor.java:397) ~[tomcat-embed-core-10.1.39.jar:10.1.39]
	at org.apache.coyote.AbstractProcessorLight.process(AbstractProcessorLight.java:63) ~[tomcat-embed-core-10.1.39.jar:10.1.39]
	at org.apache.coyote.AbstractProtocol$ConnectionHandler.process(AbstractProtocol.java:905) ~[tomcat-embed-core-10.1.39.jar:10.1.39]
	at org.apache.tomcat.util.net.NioEndpoint$SocketProcessor.doRun(NioEndpoint.java:1743) ~[tomcat-embed-core-10.1.39.jar:10.1.39]
	at org.apache.tomcat.util.net.SocketProcessorBase.run(SocketProcessorBase.java:52) ~[tomcat-embed-core-10.1.39.jar:10.1.39]
	at org.apache.tomcat.util.threads.ThreadPoolExecutor.runWorker(ThreadPoolExecutor.java:1190) ~[tomcat-embed-core-10.1.39.jar:10.1.39]
	at org.apache.tomcat.util.threads.ThreadPoolExecutor$Worker.run(ThreadPoolExecutor.java:659) ~[tomcat-embed-core-10.1.39.jar:10.1.39]
	at org.apache.tomcat.util.threads.TaskThread$WrappingRunnable.run(TaskThread.java:63) ~[tomcat-embed-core-10.1.39.jar:10.1.39]
	at java.base/java.lang.Thread.run(Thread.java:833) ~[na:na]
Caused by: com.fasterxml.jackson.databind.exc.InvalidFormatException: Cannot deserialize value of type `java.time.LocalDate` from String "10 05 2025": Failed to deserialize java.time.LocalDate: (java.time.format.DateTimeParseException) Text '10 05 2025' could not be parsed at index 2
 at [Source: REDACTED (`StreamReadFeature.INCLUDE_SOURCE_IN_LOCATION` disabled); line: 5, column: 16] (through reference chain: com.bridgelabz.employee_payroll.dto.EmployeeDTO["startDate"])
	at com.fasterxml.jackson.databind.exc.InvalidFormatException.from(InvalidFormatException.java:67) ~[jackson-databind-2.17.3.jar:2.17.3]
	at com.fasterxml.jackson.databind.DeserializationContext.weirdStringException(DeserializationContext.java:1958) ~[jackson-databind-2.17.3.jar:2.17.3]
	at com.fasterxml.jackson.databind.DeserializationContext.handleWeirdStringValue(DeserializationContext.java:1245) ~[jackson-databind-2.17.3.jar:2.17.3]
	at com.fasterxml.jackson.datatype.jsr310.deser.JSR310DeserializerBase._handleDateTimeException(JSR310DeserializerBase.java:176) ~[jackson-datatype-jsr310-2.17.3.jar:2.17.3]
	at com.fasterxml.jackson.datatype.jsr310.deser.LocalDateDeserializer._fromString(LocalDateDeserializer.java:178) ~[jackson-datatype-jsr310-2.17.3.jar:2.17.3]
	at com.fasterxml.jackson.datatype.jsr310.deser.LocalDateDeserializer.deserialize(LocalDateDeserializer.java:91) ~[jackson-datatype-jsr310-2.17.3.jar:2.17.3]
	at com.fasterxml.jackson.datatype.jsr310.deser.LocalDateDeserializer.deserialize(LocalDateDeserializer.java:37) ~[jackson-datatype-jsr310-2.17.3.jar:2.17.3]
	at com.fasterxml.jackson.databind.deser.impl.MethodProperty.deserializeAndSet(MethodProperty.java:129) ~[jackson-databind-2.17.3.jar:2.17.3]
	at com.fasterxml.jackson.databind.deser.BeanDeserializer.deserializeFromObject(BeanDeserializer.java:399) ~[jackson-databind-2.17.3.jar:2.17.3]
	at com.fasterxml.jackson.databind.deser.BeanDeserializer.deserialize(BeanDeserializer.java:185) ~[jackson-databind-2.17.3.jar:2.17.3]
	at com.fasterxml.jackson.databind.deser.DefaultDeserializationContext.readRootValue(DefaultDeserializationContext.java:342) ~[jackson-databind-2.17.3.jar:2.17.3]
	at com.fasterxml.jackson.databind.ObjectReader._bindAndClose(ObjectReader.java:2125) ~[jackson-databind-2.17.3.jar:2.17.3]
	at com.fasterxml.jackson.databind.ObjectReader.readValue(ObjectReader.java:1501) ~[jackson-databind-2.17.3.jar:2.17.3]
	at org.springframework.http.converter.json.AbstractJackson2HttpMessageConverter.readJavaType(AbstractJackson2HttpMessageConverter.java:395) ~[spring-web-6.1.18.jar:6.1.18]
	... 51 common frames omitted
Caused by: java.time.format.DateTimeParseException: Text '10 05 2025' could not be parsed at index 2
	at java.base/java.time.format.DateTimeFormatter.parseResolved0(DateTimeFormatter.java:2052) ~[na:na]
	at java.base/java.time.format.DateTimeFormatter.parse(DateTimeFormatter.java:1954) ~[na:na]
	at java.base/java.time.LocalDate.parse(LocalDate.java:430) ~[na:na]
	at com.fasterxml.jackson.datatype.jsr310.deser.LocalDateDeserializer._fromString(LocalDateDeserializer.java:176) ~[jackson-datatype-jsr310-2.17.3.jar:2.17.3]
	... 60 common frames omitted

2025-04-19T09:54:18.712+05:30  WARN 71910 --- [employee-payroll] [http-nio-8081-exec-5] .w.s.m.s.DefaultHandlerExceptionResolver : Resolved [org.springframework.web.bind.MethodArgumentNotValidException: Validation failed for argument [0] in public org.springframework.http.ResponseEntity<com.bridgelabz.employee_payroll.dto.ResponseDTO> com.bridgelabz.employee_payroll.controller.EmployeePayrollController.addEmployeePayrollData(com.bridgelabz.employee_payroll.dto.EmployeeDTO): [Field error in object 'employeeDTO' on field 'startDate': rejected value [2025-05-10]; codes [PastOrPresent.employeeDTO.startDate,PastOrPresent.startDate,PastOrPresent.java.time.LocalDate,PastOrPresent]; arguments [org.springframework.context.support.DefaultMessageSourceResolvable: codes [employeeDTO.startDate,startDate]; arguments []; default message [startDate]]; default message [Start date should be a past date or today's date]] ]
2025-04-19T09:59:47.633+05:30  INFO 72076 --- [employee-payroll] [main] c.b.e.EmployeePayrollApplication         : Starting EmployeePayrollApplication using Java 17.0.6 with PID 72076 (/Users/sanyakhanna/Desktop/bridgelabz-workspace/employee-payroll/target/classes started by sanyakhanna in /Users/sanyakhanna/Desktop/bridgelabz-workspace/employee-payroll)
2025-04-19T09:59:47.638+05:30 DEBUG 72076 --- [employee-payroll] [main] c.b.e.EmployeePayrollApplication         : Running with Spring Boot v3.3.10, Spring v6.1.18
2025-04-19T09:59:47.639+05:30  INFO 72076 --- [employee-payroll] [main] c.b.e.EmployeePayrollApplication         : The following 1 profile is active: "dev"
2025-04-19T09:59:52.898+05:30  WARN 72076 --- [employee-payroll] [main] JpaBaseConfiguration$JpaWebConfiguration : spring.jpa.open-in-view is enabled by default. Therefore, database queries may be performed during view rendering. Explicitly configure spring.jpa.open-in-view to disable this warning
2025-04-19T09:59:53.768+05:30  INFO 72076 --- [employee-payroll] [main] c.b.e.EmployeePayrollApplication         : Started EmployeePayrollApplication in 6.981 seconds (process running for 7.575)
2025-04-19T09:59:53.774+05:30  INFO 72076 --- [employee-payroll] [main] c.b.e.EmployeePayrollApplication         : Employee Payroll App Started in DEV Environment
2025-04-19T09:59:53.777+05:30  INFO 72076 --- [employee-payroll] [main] c.b.e.EmployeePayrollApplication         : Employee Payroll DB user is root
2025-04-19T10:00:00.827+05:30  WARN 72076 --- [employee-payroll] [http-nio-8081-exec-1] .w.s.m.s.DefaultHandlerExceptionResolver : Resolved [org.springframework.web.bind.MethodArgumentNotValidException: Validation failed for argument [0] in public org.springframework.http.ResponseEntity<com.bridgelabz.employee_payroll.dto.ResponseDTO> com.bridgelabz.employee_payroll.controller.EmployeePayrollController.addEmployeePayrollData(com.bridgelabz.employee_payroll.dto.EmployeeDTO) with 2 errors: [Field error in object 'employeeDTO' on field 'startDate': rejected value [2025-05-10]; codes [PastOrPresent.employeeDTO.startDate,PastOrPresent.startDate,PastOrPresent.java.time.LocalDate,PastOrPresent]; arguments [org.springframework.context.support.DefaultMessageSourceResolvable: codes [employeeDTO.startDate,startDate]; arguments []; default message [startDate]]; default message [Start date should be a past date or today's date]] [Field error in object 'employeeDTO' on field 'name': rejected value []; codes [Pattern.employeeDTO.name,Pattern.name,Pattern.java.lang.String,Pattern]; arguments [org.springframework.context.support.DefaultMessageSourceResolvable: codes [employeeDTO.name,name]; arguments []; default message [name],[Ljakarta.validation.constraints.Pattern$Flag;@9a00927,^[A-Z]{1}[a-zA-Z\s]{2,}$]; default message [Invalid name]] ]
2025-04-19T10:00:24.817+05:30 DEBUG 72076 --- [employee-payroll] [http-nio-8081-exec-3] c.b.e.services.EmployeePayrollService    : Emp data: Employee(employeeId=0, name=Sanya, salary=60000, gender=female, startDate=2024-04-15, note=Great worker, profilePic=profile1.png, departments=[HR, Finance])
2025-04-19T10:00:30.645+05:30  WARN 72076 --- [employee-payroll] [http-nio-8081-exec-7] .w.s.m.s.DefaultHandlerExceptionResolver : Resolved [org.springframework.web.bind.MethodArgumentNotValidException: Validation failed for argument [0] in public org.springframework.http.ResponseEntity<com.bridgelabz.employee_payroll.dto.ResponseDTO> com.bridgelabz.employee_payroll.controller.EmployeePayrollController.addEmployeePayrollData(com.bridgelabz.employee_payroll.dto.EmployeeDTO): [Field error in object 'employeeDTO' on field 'name': rejected value [123]; codes [Pattern.employeeDTO.name,Pattern.name,Pattern.java.lang.String,Pattern]; arguments [org.springframework.context.support.DefaultMessageSourceResolvable: codes [employeeDTO.name,name]; arguments []; default message [name],[Ljakarta.validation.constraints.Pattern$Flag;@9a00927,^[A-Z]{1}[a-zA-Z\s]{2,}$]; default message [Invalid name]] ]
2025-04-19T10:01:37.000+05:30  INFO 72109 --- [employee-payroll] [main] c.b.e.EmployeePayrollApplication         : Starting EmployeePayrollApplication using Java 17.0.6 with PID 72109 (/Users/sanyakhanna/Desktop/bridgelabz-workspace/employee-payroll/target/classes started by sanyakhanna in /Users/sanyakhanna/Desktop/bridgelabz-workspace/employee-payroll)
2025-04-19T10:01:37.003+05:30 DEBUG 72109 --- [employee-payroll] [main] c.b.e.EmployeePayrollApplication         : Running with Spring Boot v3.3.10, Spring v6.1.18
2025-04-19T10:01:37.005+05:30  INFO 72109 --- [employee-payroll] [main] c.b.e.EmployeePayrollApplication         : The following 1 profile is active: "dev"
2025-04-19T10:01:42.330+05:30  WARN 72109 --- [employee-payroll] [main] JpaBaseConfiguration$JpaWebConfiguration : spring.jpa.open-in-view is enabled by default. Therefore, database queries may be performed during view rendering. Explicitly configure spring.jpa.open-in-view to disable this warning
2025-04-19T10:01:43.026+05:30  INFO 72109 --- [employee-payroll] [main] c.b.e.EmployeePayrollApplication         : Started EmployeePayrollApplication in 6.872 seconds (process running for 7.451)
2025-04-19T10:01:43.032+05:30  INFO 72109 --- [employee-payroll] [main] c.b.e.EmployeePayrollApplication         : Employee Payroll App Started in DEV Environment
2025-04-19T10:01:43.035+05:30  INFO 72109 --- [employee-payroll] [main] c.b.e.EmployeePayrollApplication         : Employee Payroll DB user is root
2025-04-19T10:01:49.501+05:30  WARN 72109 --- [employee-payroll] [http-nio-8081-exec-1] .w.s.m.s.DefaultHandlerExceptionResolver : Resolved [org.springframework.web.bind.MethodArgumentNotValidException: Validation failed for argument [0] in public org.springframework.http.ResponseEntity<com.bridgelabz.employee_payroll.dto.ResponseDTO> com.bridgelabz.employee_payroll.controller.EmployeePayrollController.addEmployeePayrollData(com.bridgelabz.employee_payroll.dto.EmployeeDTO) with 2 errors: [Field error in object 'employeeDTO' on field 'name': rejected value []; codes [Pattern.employeeDTO.name,Pattern.name,Pattern.java.lang.String,Pattern]; arguments [org.springframework.context.support.DefaultMessageSourceResolvable: codes [employeeDTO.name,name]; arguments []; default message [name],[Ljakarta.validation.constraints.Pattern$Flag;@6f48197e,^[A-Z]{1}[a-zA-Z\s]{2,}$]; default message [Invalid name]] [Field error in object 'employeeDTO' on field 'name': rejected value []; codes [NotEmpty.employeeDTO.name,NotEmpty.name,NotEmpty.java.lang.String,NotEmpty]; arguments [org.springframework.context.support.DefaultMessageSourceResolvable: codes [employeeDTO.name,name]; arguments []; default message [name]]; default message [Employee name can't be null]] ]
2025-04-19T10:01:53.795+05:30  WARN 72109 --- [employee-payroll] [http-nio-8081-exec-4] .w.s.m.s.DefaultHandlerExceptionResolver : Resolved [org.springframework.web.bind.MethodArgumentNotValidException: Validation failed for argument [0] in public org.springframework.http.ResponseEntity<com.bridgelabz.employee_payroll.dto.ResponseDTO> com.bridgelabz.employee_payroll.controller.EmployeePayrollController.addEmployeePayrollData(com.bridgelabz.employee_payroll.dto.EmployeeDTO): [Field error in object 'employeeDTO' on field 'name': rejected value [123]; codes [Pattern.employeeDTO.name,Pattern.name,Pattern.java.lang.String,Pattern]; arguments [org.springframework.context.support.DefaultMessageSourceResolvable: codes [employeeDTO.name,name]; arguments []; default message [name],[Ljakarta.validation.constraints.Pattern$Flag;@6f48197e,^[A-Z]{1}[a-zA-Z\s]{2,}$]; default message [Invalid name]] ]
2025-04-19T10:03:20.240+05:30  WARN 72109 --- [employee-payroll] [http-nio-8081-exec-9] .w.s.m.s.DefaultHandlerExceptionResolver : Resolved [org.springframework.web.HttpRequestMethodNotSupportedException: Request method 'DELETE' is not supported]
2025-04-19T10:04:27.264+05:30  INFO 72155 --- [employee-payroll] [main] c.b.e.EmployeePayrollApplication         : Starting EmployeePayrollApplication using Java 17.0.6 with PID 72155 (/Users/sanyakhanna/Desktop/bridgelabz-workspace/employee-payroll/target/classes started by sanyakhanna in /Users/sanyakhanna/Desktop/bridgelabz-workspace/employee-payroll)
2025-04-19T10:04:27.267+05:30 DEBUG 72155 --- [employee-payroll] [main] c.b.e.EmployeePayrollApplication         : Running with Spring Boot v3.3.10, Spring v6.1.18
2025-04-19T10:04:27.269+05:30  INFO 72155 --- [employee-payroll] [main] c.b.e.EmployeePayrollApplication         : The following 1 profile is active: "dev"
2025-04-19T10:04:32.478+05:30  WARN 72155 --- [employee-payroll] [main] JpaBaseConfiguration$JpaWebConfiguration : spring.jpa.open-in-view is enabled by default. Therefore, database queries may be performed during view rendering. Explicitly configure spring.jpa.open-in-view to disable this warning
2025-04-19T10:04:33.234+05:30  INFO 72155 --- [employee-payroll] [main] c.b.e.EmployeePayrollApplication         : Started EmployeePayrollApplication in 6.843 seconds (process running for 7.414)
2025-04-19T10:04:33.240+05:30  INFO 72155 --- [employee-payroll] [main] c.b.e.EmployeePayrollApplication         : Employee Payroll App Started in DEV Environment
2025-04-19T10:04:33.242+05:30  INFO 72155 --- [employee-payroll] [main] c.b.e.EmployeePayrollApplication         : Employee Payroll DB user is root
2025-04-19T10:05:07.809+05:30 ERROR 72155 --- [employee-payroll] [http-nio-8081-exec-5] c.b.e.e.EmployeePayrollExceptionHandler  : Invalid date format

org.springframework.http.converter.HttpMessageNotReadableException: JSON parse error: Unrecognized token 'salary': was expecting (JSON String, Number, Array, Object or token 'null', 'true' or 'false')
	at org.springframework.http.converter.json.AbstractJackson2HttpMessageConverter.readJavaType(AbstractJackson2HttpMessageConverter.java:406) ~[spring-web-6.1.18.jar:6.1.18]
	at org.springframework.http.converter.json.AbstractJackson2HttpMessageConverter.read(AbstractJackson2HttpMessageConverter.java:354) ~[spring-web-6.1.18.jar:6.1.18]
	at org.springframework.web.servlet.mvc.method.annotation.AbstractMessageConverterMethodArgumentResolver.readWithMessageConverters(AbstractMessageConverterMethodArgumentResolver.java:184) ~[spring-webmvc-6.1.18.jar:6.1.18]
	at org.springframework.web.servlet.mvc.method.annotation.RequestResponseBodyMethodProcessor.readWithMessageConverters(RequestResponseBodyMethodProcessor.java:161) ~[spring-webmvc-6.1.18.jar:6.1.18]
	at org.springframework.web.servlet.mvc.method.annotation.RequestResponseBodyMethodProcessor.resolveArgument(RequestResponseBodyMethodProcessor.java:135) ~[spring-webmvc-6.1.18.jar:6.1.18]
	at org.springframework.web.method.support.HandlerMethodArgumentResolverComposite.resolveArgument(HandlerMethodArgumentResolverComposite.java:122) ~[spring-web-6.1.18.jar:6.1.18]
	at org.springframework.web.method.support.InvocableHandlerMethod.getMethodArgumentValues(InvocableHandlerMethod.java:224) ~[spring-web-6.1.18.jar:6.1.18]
	at org.springframework.web.method.support.InvocableHandlerMethod.invokeForRequest(InvocableHandlerMethod.java:178) ~[spring-web-6.1.18.jar:6.1.18]
	at org.springframework.web.servlet.mvc.method.annotation.ServletInvocableHandlerMethod.invokeAndHandle(ServletInvocableHandlerMethod.java:118) ~[spring-webmvc-6.1.18.jar:6.1.18]
	at org.springframework.web.servlet.mvc.method.annotation.RequestMappingHandlerAdapter.invokeHandlerMethod(RequestMappingHandlerAdapter.java:926) ~[spring-webmvc-6.1.18.jar:6.1.18]
	at org.springframework.web.servlet.mvc.method.annotation.RequestMappingHandlerAdapter.handleInternal(RequestMappingHandlerAdapter.java:831) ~[spring-webmvc-6.1.18.jar:6.1.18]
	at org.springframework.web.servlet.mvc.method.AbstractHandlerMethodAdapter.handle(AbstractHandlerMethodAdapter.java:87) ~[spring-webmvc-6.1.18.jar:6.1.18]
	at org.springframework.web.servlet.DispatcherServlet.doDispatch(DispatcherServlet.java:1089) ~[spring-webmvc-6.1.18.jar:6.1.18]
	at org.springframework.web.servlet.DispatcherServlet.doService(DispatcherServlet.java:979) ~[spring-webmvc-6.1.18.jar:6.1.18]
	at org.springframework.web.servlet.FrameworkServlet.processRequest(FrameworkServlet.java:1014) ~[spring-webmvc-6.1.18.jar:6.1.18]
	at org.springframework.web.servlet.FrameworkServlet.doPost(FrameworkServlet.java:914) ~[spring-webmvc-6.1.18.jar:6.1.18]
	at jakarta.servlet.http.HttpServlet.service(HttpServlet.java:590) ~[tomcat-embed-core-10.1.39.jar:6.0]
	at org.springframework.web.servlet.FrameworkServlet.service(FrameworkServlet.java:885) ~[spring-webmvc-6.1.18.jar:6.1.18]
	at jakarta.servlet.http.HttpServlet.service(HttpServlet.java:658) ~[tomcat-embed-core-10.1.39.jar:6.0]
	at org.apache.catalina.core.ApplicationFilterChain.internalDoFilter(ApplicationFilterChain.java:195) ~[tomcat-embed-core-10.1.39.jar:10.1.39]
	at org.apache.catalina.core.ApplicationFilterChain.doFilter(ApplicationFilterChain.java:140) ~[tomcat-embed-core-10.1.39.jar:10.1.39]
	at org.apache.tomcat.websocket.server.WsFilter.doFilter(WsFilter.java:51) ~[tomcat-embed-websocket-10.1.39.jar:10.1.39]
	at org.apache.catalina.core.ApplicationFilterChain.internalDoFilter(ApplicationFilterChain.java:164) ~[tomcat-embed-core-10.1.39.jar:10.1.39]
	at org.apache.catalina.core.ApplicationFilterChain.doFilter(ApplicationFilterChain.java:140) ~[tomcat-embed-core-10.1.39.jar:10.1.39]
	at org.springframework.web.filter.RequestContextFilter.doFilterInternal(RequestContextFilter.java:100) ~[spring-web-6.1.18.jar:6.1.18]
	at org.springframework.web.filter.OncePerRequestFilter.doFilter(OncePerRequestFilter.java:116) ~[spring-web-6.1.18.jar:6.1.18]
	at org.apache.catalina.core.ApplicationFilterChain.internalDoFilter(ApplicationFilterChain.java:164) ~[tomcat-embed-core-10.1.39.jar:10.1.39]
	at org.apache.catalina.core.ApplicationFilterChain.doFilter(ApplicationFilterChain.java:140) ~[tomcat-embed-core-10.1.39.jar:10.1.39]
	at org.springframework.web.filter.FormContentFilter.doFilterInternal(FormContentFilter.java:93) ~[spring-web-6.1.18.jar:6.1.18]
	at org.springframework.web.filter.OncePerRequestFilter.doFilter(OncePerRequestFilter.java:116) ~[spring-web-6.1.18.jar:6.1.18]
	at org.apache.catalina.core.ApplicationFilterChain.internalDoFilter(ApplicationFilterChain.java:164) ~[tomcat-embed-core-10.1.39.jar:10.1.39]
	at org.apache.catalina.core.ApplicationFilterChain.doFilter(ApplicationFilterChain.java:140) ~[tomcat-embed-core-10.1.39.jar:10.1.39]
	at org.springframework.web.filter.CharacterEncodingFilter.doFilterInternal(CharacterEncodingFilter.java:201) ~[spring-web-6.1.18.jar:6.1.18]
	at org.springframework.web.filter.OncePerRequestFilter.doFilter(OncePerRequestFilter.java:116) ~[spring-web-6.1.18.jar:6.1.18]
	at org.apache.catalina.core.ApplicationFilterChain.internalDoFilter(ApplicationFilterChain.java:164) ~[tomcat-embed-core-10.1.39.jar:10.1.39]
	at org.apache.catalina.core.ApplicationFilterChain.doFilter(ApplicationFilterChain.java:140) ~[tomcat-embed-core-10.1.39.jar:10.1.39]
	at org.apache.catalina.core.StandardWrapperValve.invoke(StandardWrapperValve.java:167) ~[tomcat-embed-core-10.1.39.jar:10.1.39]
	at org.apache.catalina.core.StandardContextValve.invoke(StandardContextValve.java:90) ~[tomcat-embed-core-10.1.39.jar:10.1.39]
	at org.apache.catalina.authenticator.AuthenticatorBase.invoke(AuthenticatorBase.java:483) ~[tomcat-embed-core-10.1.39.jar:10.1.39]
	at org.apache.catalina.core.StandardHostValve.invoke(StandardHostValve.java:115) ~[tomcat-embed-core-10.1.39.jar:10.1.39]
	at org.apache.catalina.valves.ErrorReportValve.invoke(ErrorReportValve.java:93) ~[tomcat-embed-core-10.1.39.jar:10.1.39]
	at org.apache.catalina.core.StandardEngineValve.invoke(StandardEngineValve.java:74) ~[tomcat-embed-core-10.1.39.jar:10.1.39]
	at org.apache.catalina.connector.CoyoteAdapter.service(CoyoteAdapter.java:344) ~[tomcat-embed-core-10.1.39.jar:10.1.39]
	at org.apache.coyote.http11.Http11Processor.service(Http11Processor.java:397) ~[tomcat-embed-core-10.1.39.jar:10.1.39]
	at org.apache.coyote.AbstractProcessorLight.process(AbstractProcessorLight.java:63) ~[tomcat-embed-core-10.1.39.jar:10.1.39]
	at org.apache.coyote.AbstractProtocol$ConnectionHandler.process(AbstractProtocol.java:905) ~[tomcat-embed-core-10.1.39.jar:10.1.39]
	at org.apache.tomcat.util.net.NioEndpoint$SocketProcessor.doRun(NioEndpoint.java:1743) ~[tomcat-embed-core-10.1.39.jar:10.1.39]
	at org.apache.tomcat.util.net.SocketProcessorBase.run(SocketProcessorBase.java:52) ~[tomcat-embed-core-10.1.39.jar:10.1.39]
	at org.apache.tomcat.util.threads.ThreadPoolExecutor.runWorker(ThreadPoolExecutor.java:1190) ~[tomcat-embed-core-10.1.39.jar:10.1.39]
	at org.apache.tomcat.util.threads.ThreadPoolExecutor$Worker.run(ThreadPoolExecutor.java:659) ~[tomcat-embed-core-10.1.39.jar:10.1.39]
	at org.apache.tomcat.util.threads.TaskThread$WrappingRunnable.run(TaskThread.java:63) ~[tomcat-embed-core-10.1.39.jar:10.1.39]
	at java.base/java.lang.Thread.run(Thread.java:833) ~[na:na]
Caused by: com.fasterxml.jackson.core.JsonParseException: Unrecognized token 'salary': was expecting (JSON String, Number, Array, Object or token 'null', 'true' or 'false')
 at [Source: REDACTED (`StreamReadFeature.INCLUDE_SOURCE_IN_LOCATION` disabled); line: 3, column: 20]
	at com.fasterxml.jackson.core.JsonParser._constructError(JsonParser.java:2572) ~[jackson-core-2.17.3.jar:2.17.3]
	at com.fasterxml.jackson.core.JsonParser._constructReadException(JsonParser.java:2598) ~[jackson-core-2.17.3.jar:2.17.3]
	at com.fasterxml.jackson.core.JsonParser._constructReadException(JsonParser.java:2606) ~[jackson-core-2.17.3.jar:2.17.3]
	at com.fasterxml.jackson.core.base.ParserMinimalBase._reportError(ParserMinimalBase.java:765) ~[jackson-core-2.17.3.jar:2.17.3]
	at com.fasterxml.jackson.core.json.UTF8StreamJsonParser._reportInvalidToken(UTF8StreamJsonParser.java:3662) ~[jackson-core-2.17.3.jar:2.17.3]
	at com.fasterxml.jackson.core.json.UTF8StreamJsonParser._handleUnexpectedValue(UTF8StreamJsonParser.java:2749) ~[jackson-core-2.17.3.jar:2.17.3]
	at com.fasterxml.jackson.core.json.UTF8StreamJsonParser.nextFieldName(UTF8StreamJsonParser.java:1098) ~[jackson-core-2.17.3.jar:2.17.3]
	at com.fasterxml.jackson.databind.deser.BeanDeserializer.deserializeFromObject(BeanDeserializer.java:406) ~[jackson-databind-2.17.3.jar:2.17.3]
	at com.fasterxml.jackson.databind.deser.BeanDeserializer.deserialize(BeanDeserializer.java:185) ~[jackson-databind-2.17.3.jar:2.17.3]
	at com.fasterxml.jackson.databind.deser.DefaultDeserializationContext.readRootValue(DefaultDeserializationContext.java:342) ~[jackson-databind-2.17.3.jar:2.17.3]
	at com.fasterxml.jackson.databind.ObjectReader._bindAndClose(ObjectReader.java:2125) ~[jackson-databind-2.17.3.jar:2.17.3]
	at com.fasterxml.jackson.databind.ObjectReader.readValue(ObjectReader.java:1501) ~[jackson-databind-2.17.3.jar:2.17.3]
	at org.springframework.http.converter.json.AbstractJackson2HttpMessageConverter.readJavaType(AbstractJackson2HttpMessageConverter.java:395) ~[spring-web-6.1.18.jar:6.1.18]
	... 51 common frames omitted

2025-04-19T10:06:13.657+05:30 DEBUG 72155 --- [employee-payroll] [http-nio-8081-exec-1] c.b.e.services.EmployeePayrollService    : Emp data: Employee(employeeId=0, name=Sanya, salary=60000, gender=female, startDate=2024-04-15, note=Great worker, profilePic=profile1.png, departments=[HR, Finance])
2025-04-19T10:07:08.582+05:30 DEBUG 72155 --- [employee-payroll] [http-nio-8081-exec-5] c.b.e.services.EmployeePayrollService    : Emp data: Employee(employeeId=0, name=Sanya, salary=60000, gender=female, startDate=2024-04-15, note=Great worker, profilePic=profile1.png, departments=[])
2025-04-19T10:07:15.158+05:30 ERROR 72155 --- [employee-payroll] [http-nio-8081-exec-8] c.b.e.e.EmployeePayrollExceptionHandler  : Invalid date format

org.springframework.http.converter.HttpMessageNotReadableException: JSON parse error: Unexpected character ('}' (code 125)): expected a value
	at org.springframework.http.converter.json.AbstractJackson2HttpMessageConverter.readJavaType(AbstractJackson2HttpMessageConverter.java:406) ~[spring-web-6.1.18.jar:6.1.18]
	at org.springframework.http.converter.json.AbstractJackson2HttpMessageConverter.read(AbstractJackson2HttpMessageConverter.java:354) ~[spring-web-6.1.18.jar:6.1.18]
	at org.springframework.web.servlet.mvc.method.annotation.AbstractMessageConverterMethodArgumentResolver.readWithMessageConverters(AbstractMessageConverterMethodArgumentResolver.java:184) ~[spring-webmvc-6.1.18.jar:6.1.18]
	at org.springframework.web.servlet.mvc.method.annotation.RequestResponseBodyMethodProcessor.readWithMessageConverters(RequestResponseBodyMethodProcessor.java:161) ~[spring-webmvc-6.1.18.jar:6.1.18]
	at org.springframework.web.servlet.mvc.method.annotation.RequestResponseBodyMethodProcessor.resolveArgument(RequestResponseBodyMethodProcessor.java:135) ~[spring-webmvc-6.1.18.jar:6.1.18]
	at org.springframework.web.method.support.HandlerMethodArgumentResolverComposite.resolveArgument(HandlerMethodArgumentResolverComposite.java:122) ~[spring-web-6.1.18.jar:6.1.18]
	at org.springframework.web.method.support.InvocableHandlerMethod.getMethodArgumentValues(InvocableHandlerMethod.java:224) ~[spring-web-6.1.18.jar:6.1.18]
	at org.springframework.web.method.support.InvocableHandlerMethod.invokeForRequest(InvocableHandlerMethod.java:178) ~[spring-web-6.1.18.jar:6.1.18]
	at org.springframework.web.servlet.mvc.method.annotation.ServletInvocableHandlerMethod.invokeAndHandle(ServletInvocableHandlerMethod.java:118) ~[spring-webmvc-6.1.18.jar:6.1.18]
	at org.springframework.web.servlet.mvc.method.annotation.RequestMappingHandlerAdapter.invokeHandlerMethod(RequestMappingHandlerAdapter.java:926) ~[spring-webmvc-6.1.18.jar:6.1.18]
	at org.springframework.web.servlet.mvc.method.annotation.RequestMappingHandlerAdapter.handleInternal(RequestMappingHandlerAdapter.java:831) ~[spring-webmvc-6.1.18.jar:6.1.18]
	at org.springframework.web.servlet.mvc.method.AbstractHandlerMethodAdapter.handle(AbstractHandlerMethodAdapter.java:87) ~[spring-webmvc-6.1.18.jar:6.1.18]
	at org.springframework.web.servlet.DispatcherServlet.doDispatch(DispatcherServlet.java:1089) ~[spring-webmvc-6.1.18.jar:6.1.18]
	at org.springframework.web.servlet.DispatcherServlet.doService(DispatcherServlet.java:979) ~[spring-webmvc-6.1.18.jar:6.1.18]
	at org.springframework.web.servlet.FrameworkServlet.processRequest(FrameworkServlet.java:1014) ~[spring-webmvc-6.1.18.jar:6.1.18]
	at org.springframework.web.servlet.FrameworkServlet.doPost(FrameworkServlet.java:914) ~[spring-webmvc-6.1.18.jar:6.1.18]
	at jakarta.servlet.http.HttpServlet.service(HttpServlet.java:590) ~[tomcat-embed-core-10.1.39.jar:6.0]
	at org.springframework.web.servlet.FrameworkServlet.service(FrameworkServlet.java:885) ~[spring-webmvc-6.1.18.jar:6.1.18]
	at jakarta.servlet.http.HttpServlet.service(HttpServlet.java:658) ~[tomcat-embed-core-10.1.39.jar:6.0]
	at org.apache.catalina.core.ApplicationFilterChain.internalDoFilter(ApplicationFilterChain.java:195) ~[tomcat-embed-core-10.1.39.jar:10.1.39]
	at org.apache.catalina.core.ApplicationFilterChain.doFilter(ApplicationFilterChain.java:140) ~[tomcat-embed-core-10.1.39.jar:10.1.39]
	at org.apache.tomcat.websocket.server.WsFilter.doFilter(WsFilter.java:51) ~[tomcat-embed-websocket-10.1.39.jar:10.1.39]
	at org.apache.catalina.core.ApplicationFilterChain.internalDoFilter(ApplicationFilterChain.java:164) ~[tomcat-embed-core-10.1.39.jar:10.1.39]
	at org.apache.catalina.core.ApplicationFilterChain.doFilter(ApplicationFilterChain.java:140) ~[tomcat-embed-core-10.1.39.jar:10.1.39]
	at org.springframework.web.filter.RequestContextFilter.doFilterInternal(RequestContextFilter.java:100) ~[spring-web-6.1.18.jar:6.1.18]
	at org.springframework.web.filter.OncePerRequestFilter.doFilter(OncePerRequestFilter.java:116) ~[spring-web-6.1.18.jar:6.1.18]
	at org.apache.catalina.core.ApplicationFilterChain.internalDoFilter(ApplicationFilterChain.java:164) ~[tomcat-embed-core-10.1.39.jar:10.1.39]
	at org.apache.catalina.core.ApplicationFilterChain.doFilter(ApplicationFilterChain.java:140) ~[tomcat-embed-core-10.1.39.jar:10.1.39]
	at org.springframework.web.filter.FormContentFilter.doFilterInternal(FormContentFilter.java:93) ~[spring-web-6.1.18.jar:6.1.18]
	at org.springframework.web.filter.OncePerRequestFilter.doFilter(OncePerRequestFilter.java:116) ~[spring-web-6.1.18.jar:6.1.18]
	at org.apache.catalina.core.ApplicationFilterChain.internalDoFilter(ApplicationFilterChain.java:164) ~[tomcat-embed-core-10.1.39.jar:10.1.39]
	at org.apache.catalina.core.ApplicationFilterChain.doFilter(ApplicationFilterChain.java:140) ~[tomcat-embed-core-10.1.39.jar:10.1.39]
	at org.springframework.web.filter.CharacterEncodingFilter.doFilterInternal(CharacterEncodingFilter.java:201) ~[spring-web-6.1.18.jar:6.1.18]
	at org.springframework.web.filter.OncePerRequestFilter.doFilter(OncePerRequestFilter.java:116) ~[spring-web-6.1.18.jar:6.1.18]
	at org.apache.catalina.core.ApplicationFilterChain.internalDoFilter(ApplicationFilterChain.java:164) ~[tomcat-embed-core-10.1.39.jar:10.1.39]
	at org.apache.catalina.core.ApplicationFilterChain.doFilter(ApplicationFilterChain.java:140) ~[tomcat-embed-core-10.1.39.jar:10.1.39]
	at org.apache.catalina.core.StandardWrapperValve.invoke(StandardWrapperValve.java:167) ~[tomcat-embed-core-10.1.39.jar:10.1.39]
	at org.apache.catalina.core.StandardContextValve.invoke(StandardContextValve.java:90) ~[tomcat-embed-core-10.1.39.jar:10.1.39]
	at org.apache.catalina.authenticator.AuthenticatorBase.invoke(AuthenticatorBase.java:483) ~[tomcat-embed-core-10.1.39.jar:10.1.39]
	at org.apache.catalina.core.StandardHostValve.invoke(StandardHostValve.java:115) ~[tomcat-embed-core-10.1.39.jar:10.1.39]
	at org.apache.catalina.valves.ErrorReportValve.invoke(ErrorReportValve.java:93) ~[tomcat-embed-core-10.1.39.jar:10.1.39]
	at org.apache.catalina.core.StandardEngineValve.invoke(StandardEngineValve.java:74) ~[tomcat-embed-core-10.1.39.jar:10.1.39]
	at org.apache.catalina.connector.CoyoteAdapter.service(CoyoteAdapter.java:344) ~[tomcat-embed-core-10.1.39.jar:10.1.39]
	at org.apache.coyote.http11.Http11Processor.service(Http11Processor.java:397) ~[tomcat-embed-core-10.1.39.jar:10.1.39]
	at org.apache.coyote.AbstractProcessorLight.process(AbstractProcessorLight.java:63) ~[tomcat-embed-core-10.1.39.jar:10.1.39]
	at org.apache.coyote.AbstractProtocol$ConnectionHandler.process(AbstractProtocol.java:905) ~[tomcat-embed-core-10.1.39.jar:10.1.39]
	at org.apache.tomcat.util.net.NioEndpoint$SocketProcessor.doRun(NioEndpoint.java:1743) ~[tomcat-embed-core-10.1.39.jar:10.1.39]
	at org.apache.tomcat.util.net.SocketProcessorBase.run(SocketProcessorBase.java:52) ~[tomcat-embed-core-10.1.39.jar:10.1.39]
	at org.apache.tomcat.util.threads.ThreadPoolExecutor.runWorker(ThreadPoolExecutor.java:1190) ~[tomcat-embed-core-10.1.39.jar:10.1.39]
	at org.apache.tomcat.util.threads.ThreadPoolExecutor$Worker.run(ThreadPoolExecutor.java:659) ~[tomcat-embed-core-10.1.39.jar:10.1.39]
	at org.apache.tomcat.util.threads.TaskThread$WrappingRunnable.run(TaskThread.java:63) ~[tomcat-embed-core-10.1.39.jar:10.1.39]
	at java.base/java.lang.Thread.run(Thread.java:833) ~[na:na]
Caused by: com.fasterxml.jackson.core.JsonParseException: Unexpected character ('}' (code 125)): expected a value
 at [Source: REDACTED (`StreamReadFeature.INCLUDE_SOURCE_IN_LOCATION` disabled); line: 9, column: 1]
	at com.fasterxml.jackson.core.JsonParser._constructReadException(JsonParser.java:2648) ~[jackson-core-2.17.3.jar:2.17.3]
	at com.fasterxml.jackson.core.base.ParserMinimalBase._reportUnexpectedChar(ParserMinimalBase.java:685) ~[jackson-core-2.17.3.jar:2.17.3]
	at com.fasterxml.jackson.core.json.UTF8StreamJsonParser._handleUnexpectedValue(UTF8StreamJsonParser.java:2719) ~[jackson-core-2.17.3.jar:2.17.3]
	at com.fasterxml.jackson.core.json.UTF8StreamJsonParser.nextFieldName(UTF8StreamJsonParser.java:1098) ~[jackson-core-2.17.3.jar:2.17.3]
	at com.fasterxml.jackson.databind.deser.BeanDeserializer.deserializeFromObject(BeanDeserializer.java:406) ~[jackson-databind-2.17.3.jar:2.17.3]
	at com.fasterxml.jackson.databind.deser.BeanDeserializer.deserialize(BeanDeserializer.java:185) ~[jackson-databind-2.17.3.jar:2.17.3]
	at com.fasterxml.jackson.databind.deser.DefaultDeserializationContext.readRootValue(DefaultDeserializationContext.java:342) ~[jackson-databind-2.17.3.jar:2.17.3]
	at com.fasterxml.jackson.databind.ObjectReader._bindAndClose(ObjectReader.java:2125) ~[jackson-databind-2.17.3.jar:2.17.3]
	at com.fasterxml.jackson.databind.ObjectReader.readValue(ObjectReader.java:1501) ~[jackson-databind-2.17.3.jar:2.17.3]
	at org.springframework.http.converter.json.AbstractJackson2HttpMessageConverter.readJavaType(AbstractJackson2HttpMessageConverter.java:395) ~[spring-web-6.1.18.jar:6.1.18]
	... 51 common frames omitted

2025-04-19T10:07:23.158+05:30 ERROR 72155 --- [employee-payroll] [http-nio-8081-exec-9] c.b.e.e.EmployeePayrollExceptionHandler  : Invalid date format

org.springframework.http.converter.HttpMessageNotReadableException: JSON parse error: Cannot coerce empty String ("") to element of `java.util.ArrayList` (but could if coercion was enabled using `CoercionConfig`)
	at org.springframework.http.converter.json.AbstractJackson2HttpMessageConverter.readJavaType(AbstractJackson2HttpMessageConverter.java:406) ~[spring-web-6.1.18.jar:6.1.18]
	at org.springframework.http.converter.json.AbstractJackson2HttpMessageConverter.read(AbstractJackson2HttpMessageConverter.java:354) ~[spring-web-6.1.18.jar:6.1.18]
	at org.springframework.web.servlet.mvc.method.annotation.AbstractMessageConverterMethodArgumentResolver.readWithMessageConverters(AbstractMessageConverterMethodArgumentResolver.java:184) ~[spring-webmvc-6.1.18.jar:6.1.18]
	at org.springframework.web.servlet.mvc.method.annotation.RequestResponseBodyMethodProcessor.readWithMessageConverters(RequestResponseBodyMethodProcessor.java:161) ~[spring-webmvc-6.1.18.jar:6.1.18]
	at org.springframework.web.servlet.mvc.method.annotation.RequestResponseBodyMethodProcessor.resolveArgument(RequestResponseBodyMethodProcessor.java:135) ~[spring-webmvc-6.1.18.jar:6.1.18]
	at org.springframework.web.method.support.HandlerMethodArgumentResolverComposite.resolveArgument(HandlerMethodArgumentResolverComposite.java:122) ~[spring-web-6.1.18.jar:6.1.18]
	at org.springframework.web.method.support.InvocableHandlerMethod.getMethodArgumentValues(InvocableHandlerMethod.java:224) ~[spring-web-6.1.18.jar:6.1.18]
	at org.springframework.web.method.support.InvocableHandlerMethod.invokeForRequest(InvocableHandlerMethod.java:178) ~[spring-web-6.1.18.jar:6.1.18]
	at org.springframework.web.servlet.mvc.method.annotation.ServletInvocableHandlerMethod.invokeAndHandle(ServletInvocableHandlerMethod.java:118) ~[spring-webmvc-6.1.18.jar:6.1.18]
	at org.springframework.web.servlet.mvc.method.annotation.RequestMappingHandlerAdapter.invokeHandlerMethod(RequestMappingHandlerAdapter.java:926) ~[spring-webmvc-6.1.18.jar:6.1.18]
	at org.springframework.web.servlet.mvc.method.annotation.RequestMappingHandlerAdapter.handleInternal(RequestMappingHandlerAdapter.java:831) ~[spring-webmvc-6.1.18.jar:6.1.18]
	at org.springframework.web.servlet.mvc.method.AbstractHandlerMethodAdapter.handle(AbstractHandlerMethodAdapter.java:87) ~[spring-webmvc-6.1.18.jar:6.1.18]
	at org.springframework.web.servlet.DispatcherServlet.doDispatch(DispatcherServlet.java:1089) ~[spring-webmvc-6.1.18.jar:6.1.18]
	at org.springframework.web.servlet.DispatcherServlet.doService(DispatcherServlet.java:979) ~[spring-webmvc-6.1.18.jar:6.1.18]
	at org.springframework.web.servlet.FrameworkServlet.processRequest(FrameworkServlet.java:1014) ~[spring-webmvc-6.1.18.jar:6.1.18]
	at org.springframework.web.servlet.FrameworkServlet.doPost(FrameworkServlet.java:914) ~[spring-webmvc-6.1.18.jar:6.1.18]
	at jakarta.servlet.http.HttpServlet.service(HttpServlet.java:590) ~[tomcat-embed-core-10.1.39.jar:6.0]
	at org.springframework.web.servlet.FrameworkServlet.service(FrameworkServlet.java:885) ~[spring-webmvc-6.1.18.jar:6.1.18]
	at jakarta.servlet.http.HttpServlet.service(HttpServlet.java:658) ~[tomcat-embed-core-10.1.39.jar:6.0]
	at org.apache.catalina.core.ApplicationFilterChain.internalDoFilter(ApplicationFilterChain.java:195) ~[tomcat-embed-core-10.1.39.jar:10.1.39]
	at org.apache.catalina.core.ApplicationFilterChain.doFilter(ApplicationFilterChain.java:140) ~[tomcat-embed-core-10.1.39.jar:10.1.39]
	at org.apache.tomcat.websocket.server.WsFilter.doFilter(WsFilter.java:51) ~[tomcat-embed-websocket-10.1.39.jar:10.1.39]
	at org.apache.catalina.core.ApplicationFilterChain.internalDoFilter(ApplicationFilterChain.java:164) ~[tomcat-embed-core-10.1.39.jar:10.1.39]
	at org.apache.catalina.core.ApplicationFilterChain.doFilter(ApplicationFilterChain.java:140) ~[tomcat-embed-core-10.1.39.jar:10.1.39]
	at org.springframework.web.filter.RequestContextFilter.doFilterInternal(RequestContextFilter.java:100) ~[spring-web-6.1.18.jar:6.1.18]
	at org.springframework.web.filter.OncePerRequestFilter.doFilter(OncePerRequestFilter.java:116) ~[spring-web-6.1.18.jar:6.1.18]
	at org.apache.catalina.core.ApplicationFilterChain.internalDoFilter(ApplicationFilterChain.java:164) ~[tomcat-embed-core-10.1.39.jar:10.1.39]
	at org.apache.catalina.core.ApplicationFilterChain.doFilter(ApplicationFilterChain.java:140) ~[tomcat-embed-core-10.1.39.jar:10.1.39]
	at org.springframework.web.filter.FormContentFilter.doFilterInternal(FormContentFilter.java:93) ~[spring-web-6.1.18.jar:6.1.18]
	at org.springframework.web.filter.OncePerRequestFilter.doFilter(OncePerRequestFilter.java:116) ~[spring-web-6.1.18.jar:6.1.18]
	at org.apache.catalina.core.ApplicationFilterChain.internalDoFilter(ApplicationFilterChain.java:164) ~[tomcat-embed-core-10.1.39.jar:10.1.39]
	at org.apache.catalina.core.ApplicationFilterChain.doFilter(ApplicationFilterChain.java:140) ~[tomcat-embed-core-10.1.39.jar:10.1.39]
	at org.springframework.web.filter.CharacterEncodingFilter.doFilterInternal(CharacterEncodingFilter.java:201) ~[spring-web-6.1.18.jar:6.1.18]
	at org.springframework.web.filter.OncePerRequestFilter.doFilter(OncePerRequestFilter.java:116) ~[spring-web-6.1.18.jar:6.1.18]
	at org.apache.catalina.core.ApplicationFilterChain.internalDoFilter(ApplicationFilterChain.java:164) ~[tomcat-embed-core-10.1.39.jar:10.1.39]
	at org.apache.catalina.core.ApplicationFilterChain.doFilter(ApplicationFilterChain.java:140) ~[tomcat-embed-core-10.1.39.jar:10.1.39]
	at org.apache.catalina.core.StandardWrapperValve.invoke(StandardWrapperValve.java:167) ~[tomcat-embed-core-10.1.39.jar:10.1.39]
	at org.apache.catalina.core.StandardContextValve.invoke(StandardContextValve.java:90) ~[tomcat-embed-core-10.1.39.jar:10.1.39]
	at org.apache.catalina.authenticator.AuthenticatorBase.invoke(AuthenticatorBase.java:483) ~[tomcat-embed-core-10.1.39.jar:10.1.39]
	at org.apache.catalina.core.StandardHostValve.invoke(StandardHostValve.java:115) ~[tomcat-embed-core-10.1.39.jar:10.1.39]
	at org.apache.catalina.valves.ErrorReportValve.invoke(ErrorReportValve.java:93) ~[tomcat-embed-core-10.1.39.jar:10.1.39]
	at org.apache.catalina.core.StandardEngineValve.invoke(StandardEngineValve.java:74) ~[tomcat-embed-core-10.1.39.jar:10.1.39]
	at org.apache.catalina.connector.CoyoteAdapter.service(CoyoteAdapter.java:344) ~[tomcat-embed-core-10.1.39.jar:10.1.39]
	at org.apache.coyote.http11.Http11Processor.service(Http11Processor.java:397) ~[tomcat-embed-core-10.1.39.jar:10.1.39]
	at org.apache.coyote.AbstractProcessorLight.process(AbstractProcessorLight.java:63) ~[tomcat-embed-core-10.1.39.jar:10.1.39]
	at org.apache.coyote.AbstractProtocol$ConnectionHandler.process(AbstractProtocol.java:905) ~[tomcat-embed-core-10.1.39.jar:10.1.39]
	at org.apache.tomcat.util.net.NioEndpoint$SocketProcessor.doRun(NioEndpoint.java:1743) ~[tomcat-embed-core-10.1.39.jar:10.1.39]
	at org.apache.tomcat.util.net.SocketProcessorBase.run(SocketProcessorBase.java:52) ~[tomcat-embed-core-10.1.39.jar:10.1.39]
	at org.apache.tomcat.util.threads.ThreadPoolExecutor.runWorker(ThreadPoolExecutor.java:1190) ~[tomcat-embed-core-10.1.39.jar:10.1.39]
	at org.apache.tomcat.util.threads.ThreadPoolExecutor$Worker.run(ThreadPoolExecutor.java:659) ~[tomcat-embed-core-10.1.39.jar:10.1.39]
	at org.apache.tomcat.util.threads.TaskThread$WrappingRunnable.run(TaskThread.java:63) ~[tomcat-embed-core-10.1.39.jar:10.1.39]
	at java.base/java.lang.Thread.run(Thread.java:833) ~[na:na]
Caused by: com.fasterxml.jackson.databind.exc.InvalidFormatException: Cannot coerce empty String ("") to element of `java.util.ArrayList` (but could if coercion was enabled using `CoercionConfig`)
 at [Source: REDACTED (`StreamReadFeature.INCLUDE_SOURCE_IN_LOCATION` disabled); line: 8, column: 17] (through reference chain: com.bridgelabz.employee_payroll.dto.EmployeeDTO["department"])
	at com.fasterxml.jackson.databind.exc.InvalidFormatException.from(InvalidFormatException.java:67) ~[jackson-databind-2.17.3.jar:2.17.3]
	at com.fasterxml.jackson.databind.DeserializationContext.reportBadCoercion(DeserializationContext.java:1832) ~[jackson-databind-2.17.3.jar:2.17.3]
	at com.fasterxml.jackson.databind.deser.std.StdDeserializer._checkCoercionFail(StdDeserializer.java:1679) ~[jackson-databind-2.17.3.jar:2.17.3]
	at com.fasterxml.jackson.databind.deser.std.StdDeserializer._deserializeFromEmptyString(StdDeserializer.java:325) ~[jackson-databind-2.17.3.jar:2.17.3]
	at com.fasterxml.jackson.databind.deser.std.StdDeserializer._deserializeFromString(StdDeserializer.java:270) ~[jackson-databind-2.17.3.jar:2.17.3]
	at com.fasterxml.jackson.databind.deser.std.StringCollectionDeserializer.handleNonArray(StringCollectionDeserializer.java:286) ~[jackson-databind-2.17.3.jar:2.17.3]
	at com.fasterxml.jackson.databind.deser.std.StringCollectionDeserializer.deserialize(StringCollectionDeserializer.java:194) ~[jackson-databind-2.17.3.jar:2.17.3]
	at com.fasterxml.jackson.databind.deser.std.StringCollectionDeserializer.deserialize(StringCollectionDeserializer.java:184) ~[jackson-databind-2.17.3.jar:2.17.3]
	at com.fasterxml.jackson.databind.deser.std.StringCollectionDeserializer.deserialize(StringCollectionDeserializer.java:27) ~[jackson-databind-2.17.3.jar:2.17.3]
	at com.fasterxml.jackson.databind.deser.impl.MethodProperty.deserializeAndSet(MethodProperty.java:129) ~[jackson-databind-2.17.3.jar:2.17.3]
	at com.fasterxml.jackson.databind.deser.BeanDeserializer.deserializeFromObject(BeanDeserializer.java:399) ~[jackson-databind-2.17.3.jar:2.17.3]
	at com.fasterxml.jackson.databind.deser.BeanDeserializer.deserialize(BeanDeserializer.java:185) ~[jackson-databind-2.17.3.jar:2.17.3]
	at com.fasterxml.jackson.databind.deser.DefaultDeserializationContext.readRootValue(DefaultDeserializationContext.java:342) ~[jackson-databind-2.17.3.jar:2.17.3]
	at com.fasterxml.jackson.databind.ObjectReader._bindAndClose(ObjectReader.java:2125) ~[jackson-databind-2.17.3.jar:2.17.3]
	at com.fasterxml.jackson.databind.ObjectReader.readValue(ObjectReader.java:1501) ~[jackson-databind-2.17.3.jar:2.17.3]
	at org.springframework.http.converter.json.AbstractJackson2HttpMessageConverter.readJavaType(AbstractJackson2HttpMessageConverter.java:395) ~[spring-web-6.1.18.jar:6.1.18]
	... 51 common frames omitted

